<?xml version="1.0" encoding="UTF-8"?>
<testng-results ignored="0" total="1" passed="1" failed="0" skipped="0">
  <reporter-output>
  </reporter-output>
  <suite started-at="2025-02-20T21:56:53 IST" name="JenkinsTest" finished-at="2025-02-20T21:56:53 IST" duration-ms="38">
    <groups>
    </groups>
    <test started-at="2025-02-20T21:56:53 IST" name="Test One" finished-at="2025-02-20T21:56:53 IST" duration-ms="38">
      <class name="Testing.RandomTest">
        <test-method signature="testOne()[pri:0, instance:Testing.RandomTest@d83da2e]" started-at="2025-02-20T21:56:53 IST" name="testOne" finished-at="2025-02-20T21:56:53 IST" duration-ms="6" status="PASS">
          <reporter-output>
          </reporter-output>
        </test-method> <!-- testOne -->
      </class> <!-- Testing.RandomTest -->
    </test> <!-- Test One -->
  </suite> <!-- JenkinsTest -->
</testng-results>
