<?xml version="1.0" encoding="UTF-8"?>
<testng-results ignored="0" total="1" passed="1" failed="0" skipped="0">
  <reporter-output>
  </reporter-output>
  <suite started-at="2025-02-20T20:08:42 IST" name="JenkinsTest" finished-at="2025-02-20T20:08:42 IST" duration-ms="56">
    <groups>
    </groups>
    <test started-at="2025-02-20T20:08:42 IST" name="Test One" finished-at="2025-02-20T20:08:42 IST" duration-ms="56">
      <class name="TestsPackage.RandomTest">
        <test-method signature="test1()[pri:0, instance:TestsPackage.RandomTest@625732]" started-at="2025-02-20T20:08:42 IST" name="test1" finished-at="2025-02-20T20:08:42 IST" duration-ms="11" status="PASS">
          <reporter-output>
          </reporter-output>
        </test-method> <!-- test1 -->
      </class> <!-- TestsPackage.RandomTest -->
    </test> <!-- Test One -->
  </suite> <!-- JenkinsTest -->
</testng-results>
